<?xml version="1.0" encoding="UTF-8"?>
<!-- Generated by org.testng.reporters.JUnitXMLReporter -->
<testsuite hostname="DESKTOP-KHIEM2O" ignored="0" name="Surefire test" tests="12" failures="0" timestamp="2021-11-12T10:50:14 UZT" time="163.698" errors="0">
  <testcase name="emptySearchValidation" time="0.439" classname="test1.HomePageTest"/>
  <testcase name="feedBarValidation" time="3.358" classname="test1.HomePageTest"/>
  <testcase name="loginBarValidation" time="0.516" classname="test1.HomePageTest"/>
  <testcase name="servicesBarValidation" time="0.296" classname="test1.HomePageTest"/>
  <testcase name="sideBarValidation" time="3.673" classname="test1.HomePageTest"/>
  <testcase name="topNewsBarValidation" time="0.066" classname="test1.HomePageTest"/>
  <testcase name="weatherBarValidation" time="0.104" classname="test1.HomePageTest"/>
  <testcase name="loginAppValidation" time="10.852" classname="test1.LoginAppTest"/>
  <testcase name="loginMailValidation" time="16.768" classname="test1.LoginMailTest"/>
  <testcase name="searchValidation" time="4.525" classname="test1.SearchBoxTest"/>
  <testcase name="keyboardValidation" time="25.086" classname="test1.SearchKeyboardTest"/>
  <testcase name="keyboardValidation" time="2.377" classname="test1.SearchVoiceTest"/>
</testsuite> <!-- Surefire test -->
