<?xml version="1.0" encoding="UTF-8"?>
<!-- Generated by org.testng.reporters.JUnitXMLReporter -->
<testsuite hostname="DESKTOP-KHIEM2O" ignored="0" name="Default test" tests="7" failures="0" timestamp="2021-11-12T10:11:04 UZT" time="13.511" errors="0">
  <testcase name="emptySearchValidation" time="0.275" classname="test1.HomePageTest"/>
  <testcase name="feedBarValidation" time="3.079" classname="test1.HomePageTest"/>
  <testcase name="loginBarValidation" time="0.542" classname="test1.HomePageTest"/>
  <testcase name="servicesBarValidation" time="0.093" classname="test1.HomePageTest"/>
  <testcase name="sideBarValidation" time="2.496" classname="test1.HomePageTest"/>
  <testcase name="topNewsBarValidation" time="0.066" classname="test1.HomePageTest"/>
  <testcase name="weatherBarValidation" time="0.06" classname="test1.HomePageTest"/>
</testsuite> <!-- Default test -->
