<?xml version="1.0" encoding="UTF-8"?>
<!-- Generated by org.testng.reporters.JUnitXMLReporter -->
<testsuite hostname="DESKTOP-KHIEM2O" ignored="0" name="Test" tests="13" failures="0" timestamp="2021-11-12T10:27:44 UZT" time="140.536" errors="0">
  <testcase name="loginMailValidation" time="13.348" classname="test1.LoginDisklTest2"/>
  <testcase name="loginAppValidation" time="10.123" classname="test1.LoginAppTest"/>
  <testcase name="loginMailValidation" time="12.345" classname="test1.LoginMailTest"/>
  <testcase name="emptySearchValidation" time="0.221" classname="test1.HomePageTest"/>
  <testcase name="feedBarValidation" time="3.191" classname="test1.HomePageTest"/>
  <testcase name="loginBarValidation" time="0.506" classname="test1.HomePageTest"/>
  <testcase name="servicesBarValidation" time="0.182" classname="test1.HomePageTest"/>
  <testcase name="sideBarValidation" time="2.09" classname="test1.HomePageTest"/>
  <testcase name="topNewsBarValidation" time="0.069" classname="test1.HomePageTest"/>
  <testcase name="weatherBarValidation" time="0.054" classname="test1.HomePageTest"/>
  <testcase name="keyboardValidation" time="2.555" classname="test1.SearchVoiceTest"/>
  <testcase name="keyboardValidation" time="22.285" classname="test1.SearchKeyboardTest"/>
  <testcase name="searchValidation" time="5.112" classname="test1.SearchBoxTest"/>
</testsuite> <!-- Test -->
