<?xml version="1.0" encoding="UTF-8"?>
<testsuite xmlns:xsi="http://www.w3.org/2001/XMLSchema-instance" xsi:noNamespaceSchemaLocation="https://maven.apache.org/surefire/maven-surefire-plugin/xsd/surefire-test-report.xsd" name="TestSuite" time="177.807" tests="13" errors="0" skipped="0" failures="1">
  <properties>
[...]
</properties>
  <testcase name="loginMailValidation" classname="test1.LoginDisklTest2" time="18.185"/>
  <testcase name="loginAppValidation" classname="test1.LoginAppTest" time="9.961"/>
  <testcase name="loginMailValidation" classname="test1.LoginMailTest" time="15.624">
    <failure message="expected [https://mail.yandex.ru/?uid=1514094372#tabs/relevant] but found [https://mail.yandex.ru/#tabs/relevant]" type="java.lang.AssertionError">java.lang.AssertionError: expected [https://mail.yandex.ru/?uid=1514094372#tabs/relevant] but found [https://mail.yandex.ru/#tabs/relevant]
	at test1.LoginMailTest.loginMailValidation(LoginMailTest.java:45)
</failure>
  </testcase>
  <testcase name="emptySearchValidation" classname="test1.HomePageTest" time="0.59"/>
  <testcase name="feedBarValidation" classname="test1.HomePageTest" time="3.206"/>
  <testcase name="loginBarValidation" classname="test1.HomePageTest" time="0.549"/>
  <testcase name="servicesBarValidation" classname="test1.HomePageTest" time="0.118"/>
  <testcase name="sideBarValidation" classname="test1.HomePageTest" time="1.904"/>
  <testcase name="topNewsBarValidation" classname="test1.HomePageTest" time="0.198"/>
  <testcase name="weatherBarValidation" classname="test1.HomePageTest" time="0.06"/>
  <testcase name="keyboardValidation" classname="test1.SearchVoiceTest" time="2.594"/>
  <testcase name="keyboardValidation" classname="test1.SearchKeyboardTest" time="30.696"/>
  <testcase name="searchValidation" classname="test1.SearchBoxTest" time="4.164"/>
</testsuite>